<?xml version="1.0" encoding="UTF-8"?>
<!-- Generated by org.testng.reporters.JUnitXMLReporter -->
<testsuite ignored="0" hostname="LAPTOP-9RODM70P" failures="0" tests="2" name="Default test" time="2.533" errors="0" timestamp="2026-02-18T19:41:00 IST">
  <testcase classname="com.FakeStore.API.GetRequestTests.getSingleCartTest" name="logResponseBody" time="0.051"/>
  <testcase classname="com.FakeStore.API.GetRequestTests.getSingleCartTest" name="assertResponseCode" time="0.002"/>
</testsuite> <!-- Default test -->
