<?xml version="1.0" encoding="UTF-8"?>
<!-- Generated by org.testng.reporters.JUnitXMLReporter -->
<testsuite ignored="0" hostname="LAPTOP-9RODM70P" failures="0" tests="23" name="API Tests" time="5.747" errors="0" timestamp="2026-02-18T23:32:10 IST">
  <testcase classname="com.FakeStore.API.GetRequestTests.getAllCartsTest" name="logResponse" time="0.051"/>
  <testcase classname="com.FakeStore.API.GetRequestTests.getAllCartsTest" name="assertStatusCode" time="0.005"/>
  <testcase classname="com.FakeStore.API.GetRequestTests.getAllCartsTest" name="validateResponseHeader" time="0.002"/>
  <testcase classname="com.FakeStore.API.GetRequestTests.getAllCartsTest" name="extractResponse" time="0.461"/>
  <testcase classname="com.FakeStore.API.GetRequestTests.getAllCartsTest" name="validateResponseTime" time="0.003"/>
  <testcase classname="com.FakeStore.API.GetRequestTests.getAllCartsTest" name="validateCartCount" time="0.011"/>
  <testcase classname="com.FakeStore.API.POSTRequestTests.postCartInfoTest" name="logResponse" time="0.002"/>
  <testcase classname="com.FakeStore.API.POSTRequestTests.postCartInfoTest" name="assertResponseCode" time="0.001"/>
  <testcase classname="com.FakeStore.API.GetRequestTests.getAllProductsTest" name="logResponseBody" time="0.019"/>
  <testcase classname="com.FakeStore.API.GetRequestTests.getAllProductsTest" name="verifyStatusCode" time="0.001"/>
  <testcase classname="com.FakeStore.API.GetRequestTests.getAllProductsTest" name="extractResponseData" time="0.047"/>
  <testcase classname="com.FakeStore.API.GetRequestTests.getAllProductsTest" name="assertResponseTime" time="0.001"/>
  <testcase classname="com.FakeStore.API.GetRequestTests.getAllProductsTest" name="validateResponseParam" time="0.012"/>
  <testcase classname="com.FakeStore.API.GetRequestTests.getAllProductsTest" name="validateResponseSchema" time="0.321"/>
  <testcase classname="com.FakeStore.API.POSTRequestTests.postProductTest" name="logResponseBody" time="0.001"/>
  <testcase classname="com.FakeStore.API.POSTRequestTests.postProductTest" name="assertResponseCode" time="0.002"/>
  <testcase classname="com.FakeStore.API.GetRequestTests.getAllUsersTest" name="logResponse" time="0.003"/>
  <testcase classname="com.FakeStore.API.GetRequestTests.getAllUsersTest" name="assertResponseCode" time="0.001"/>
  <testcase classname="com.FakeStore.API.GetRequestTests.getAllUsersTest" name="assertHeaders" time="0.0"/>
  <testcase classname="com.FakeStore.API.GetRequestTests.getProductsByIdTest" name="logResponse" time="0.008"/>
  <testcase classname="com.FakeStore.API.GetRequestTests.getProductsByIdTest" name="assertResponseCode" time="0.001"/>
  <testcase classname="com.FakeStore.API.GetRequestTests.getSingleCartTest" name="logResponseBody" time="0.001"/>
  <testcase classname="com.FakeStore.API.GetRequestTests.getSingleCartTest" name="assertResponseCode" time="0.001"/>
</testsuite> <!-- API Tests -->
