<?xml version="1.0" encoding="UTF-8"?>
<!-- Generated by org.testng.reporters.JUnitXMLReporter -->
<testsuite ignored="0" hostname="LAPTOP-9RODM70P" failures="0" tests="21" name="API Tests" time="6.058" errors="0" timestamp="2026-02-18T21:12:33 IST">
  <testcase classname="com.FakeStore.API.GetRequestTests.getAllCartsTest" name="logResponse" time="0.051"/>
  <testcase classname="com.FakeStore.API.GetRequestTests.getAllCartsTest" name="assertStatusCode" time="0.003"/>
  <testcase classname="com.FakeStore.API.GetRequestTests.getAllCartsTest" name="validateResponseHeader" time="0.001"/>
  <testcase classname="com.FakeStore.API.GetRequestTests.getAllCartsTest" name="extractResponse" time="0.477"/>
  <testcase classname="com.FakeStore.API.GetRequestTests.getAllCartsTest" name="validateResponseTime" time="0.002"/>
  <testcase classname="com.FakeStore.API.GetRequestTests.getAllCartsTest" name="validateCartCount" time="0.014"/>
  <testcase classname="com.FakeStore.API.POSTRequestTests.postCartInfoTest" name="logResponse" time="0.002"/>
  <testcase classname="com.FakeStore.API.POSTRequestTests.postCartInfoTest" name="assertResponseCode" time="0.001"/>
  <testcase classname="com.FakeStore.API.GetRequestTests.getAllProductsTest" name="logResponseBody" time="0.013"/>
  <testcase classname="com.FakeStore.API.GetRequestTests.getAllProductsTest" name="verifyStatusCode" time="0.001"/>
  <testcase classname="com.FakeStore.API.GetRequestTests.getAllProductsTest" name="extractResponseData" time="0.046"/>
  <testcase classname="com.FakeStore.API.GetRequestTests.getAllProductsTest" name="assertResponseTime" time="0.0"/>
  <testcase classname="com.FakeStore.API.POSTRequestTests.postProductTest" name="logResponseBody" time="0.001"/>
  <testcase classname="com.FakeStore.API.POSTRequestTests.postProductTest" name="assertResponseCode" time="0.001"/>
  <testcase classname="com.FakeStore.API.GetRequestTests.getAllUsersTest" name="logResponse" time="0.002"/>
  <testcase classname="com.FakeStore.API.GetRequestTests.getAllUsersTest" name="assertResponseCode" time="0.001"/>
  <testcase classname="com.FakeStore.API.GetRequestTests.getAllUsersTest" name="assertHeaders" time="0.001"/>
  <testcase classname="com.FakeStore.API.GetRequestTests.getProductsByIdTest" name="logResponse" time="0.007"/>
  <testcase classname="com.FakeStore.API.GetRequestTests.getProductsByIdTest" name="assertResponseCode" time="0.0"/>
  <testcase classname="com.FakeStore.API.GetRequestTests.getSingleCartTest" name="logResponseBody" time="0.003"/>
  <testcase classname="com.FakeStore.API.GetRequestTests.getSingleCartTest" name="assertResponseCode" time="0.001"/>
</testsuite> <!-- API Tests -->
