<?xml version="1.0" encoding="UTF-8"?>
<testng-results ignored="0" total="2" passed="2" failed="0" skipped="0">
  <reporter-output>
  </reporter-output>
  <suite started-at="2026-02-18T19:40:58 IST" name="Default suite" finished-at="2026-02-18T19:41:00 IST" duration-ms="2533">
    <groups>
    </groups>
    <test started-at="2026-02-18T19:40:58 IST" name="Default test" finished-at="2026-02-18T19:41:00 IST" duration-ms="2533">
      <class name="com.FakeStore.API.GetRequestTests.getSingleCartTest">
        <test-method is-config="true" signature="setUp()[pri:0, instance:com.FakeStore.API.GetRequestTests.getSingleCartTest@4218d6a3]" started-at="2026-02-18T19:40:58 IST" name="setUp" finished-at="2026-02-18T19:40:58 IST" duration-ms="287" status="PASS">
          <reporter-output>
          </reporter-output>
        </test-method> <!-- setUp -->
        <test-method is-config="true" signature="getResponseforCart()[pri:0, instance:com.FakeStore.API.GetRequestTests.getSingleCartTest@4218d6a3]" started-at="2026-02-18T19:40:58 IST" name="getResponseforCart" finished-at="2026-02-18T19:41:00 IST" duration-ms="2157" status="PASS">
          <reporter-output>
          </reporter-output>
        </test-method> <!-- getResponseforCart -->
        <test-method signature="logResponseBody()[pri:1, instance:com.FakeStore.API.GetRequestTests.getSingleCartTest@4218d6a3]" started-at="2026-02-18T19:41:00 IST" name="logResponseBody" finished-at="2026-02-18T19:41:00 IST" duration-ms="51" status="PASS">
          <reporter-output>
          </reporter-output>
        </test-method> <!-- logResponseBody -->
        <test-method signature="assertResponseCode()[pri:2, instance:com.FakeStore.API.GetRequestTests.getSingleCartTest@4218d6a3]" started-at="2026-02-18T19:41:00 IST" name="assertResponseCode" finished-at="2026-02-18T19:41:00 IST" duration-ms="2" status="PASS">
          <reporter-output>
          </reporter-output>
        </test-method> <!-- assertResponseCode -->
      </class> <!-- com.FakeStore.API.GetRequestTests.getSingleCartTest -->
    </test> <!-- Default test -->
  </suite> <!-- Default suite -->
</testng-results>
