<?xml version="1.0" encoding="UTF-8"?>
<testng-results ignored="0" total="6" passed="6" failed="0" skipped="0">
  <reporter-output>
  </reporter-output>
  <suite started-at="2026-02-18T23:25:59 IST" name="Default suite" finished-at="2026-02-18T23:26:02 IST" duration-ms="2681">
    <groups>
    </groups>
    <test started-at="2026-02-18T23:25:59 IST" name="Default test" finished-at="2026-02-18T23:26:02 IST" duration-ms="2681">
      <class name="com.FakeStore.API.GetRequestTests.getAllProductsTest">
        <test-method is-config="true" signature="setUp()[pri:0, instance:com.FakeStore.API.GetRequestTests.getAllProductsTest@65fb9ffc]" started-at="2026-02-18T23:25:59 IST" name="setUp" finished-at="2026-02-18T23:25:59 IST" duration-ms="275" status="PASS">
          <reporter-output>
          </reporter-output>
        </test-method> <!-- setUp -->
        <test-method is-config="true" signature="getProductsResponse()[pri:0, instance:com.FakeStore.API.GetRequestTests.getAllProductsTest@65fb9ffc]" started-at="2026-02-18T23:25:59 IST" name="getProductsResponse" finished-at="2026-02-18T23:26:01 IST" duration-ms="1354" status="PASS">
          <reporter-output>
          </reporter-output>
        </test-method> <!-- getProductsResponse -->
        <test-method signature="logResponseBody()[pri:1, instance:com.FakeStore.API.GetRequestTests.getAllProductsTest@65fb9ffc]" started-at="2026-02-18T23:26:01 IST" name="logResponseBody" finished-at="2026-02-18T23:26:01 IST" duration-ms="70" status="PASS">
          <reporter-output>
          </reporter-output>
        </test-method> <!-- logResponseBody -->
        <test-method signature="verifyStatusCode()[pri:2, instance:com.FakeStore.API.GetRequestTests.getAllProductsTest@65fb9ffc]" started-at="2026-02-18T23:26:01 IST" name="verifyStatusCode" finished-at="2026-02-18T23:26:01 IST" duration-ms="5" status="PASS">
          <reporter-output>
          </reporter-output>
        </test-method> <!-- verifyStatusCode -->
        <test-method signature="extractResponseData()[pri:3, instance:com.FakeStore.API.GetRequestTests.getAllProductsTest@65fb9ffc]" started-at="2026-02-18T23:26:01 IST" name="extractResponseData" finished-at="2026-02-18T23:26:01 IST" duration-ms="534" status="PASS">
          <reporter-output>
          </reporter-output>
        </test-method> <!-- extractResponseData -->
        <test-method signature="assertResponseTime()[pri:4, instance:com.FakeStore.API.GetRequestTests.getAllProductsTest@65fb9ffc]" started-at="2026-02-18T23:26:01 IST" name="assertResponseTime" finished-at="2026-02-18T23:26:01 IST" duration-ms="2" status="PASS">
          <reporter-output>
          </reporter-output>
        </test-method> <!-- assertResponseTime -->
        <test-method signature="validateResponseParam()[pri:5, instance:com.FakeStore.API.GetRequestTests.getAllProductsTest@65fb9ffc]" started-at="2026-02-18T23:26:01 IST" name="validateResponseParam" finished-at="2026-02-18T23:26:01 IST" duration-ms="17" status="PASS">
          <reporter-output>
          </reporter-output>
        </test-method> <!-- validateResponseParam -->
        <test-method signature="validateResponseSchema()[pri:6, instance:com.FakeStore.API.GetRequestTests.getAllProductsTest@65fb9ffc]" started-at="2026-02-18T23:26:01 IST" name="validateResponseSchema" finished-at="2026-02-18T23:26:02 IST" duration-ms="377" status="PASS">
          <reporter-output>
          </reporter-output>
        </test-method> <!-- validateResponseSchema -->
      </class> <!-- com.FakeStore.API.GetRequestTests.getAllProductsTest -->
    </test> <!-- Default test -->
  </suite> <!-- Default suite -->
</testng-results>
