<?xml version="1.0" encoding="UTF-8"?>
<testng-results ignored="0" total="5" passed="5" failed="0" skipped="0">
  <reporter-output>
  </reporter-output>
  <suite started-at="2026-02-28T12:01:58 IST" name="Default suite" finished-at="2026-02-28T12:02:02 IST" duration-ms="4124">
    <groups>
      <group name="smoke">
        <method signature="getSingleCartTest.getResponseforCart(int)[pri:0, instance:com.FakeStore.API.GetRequestTests.getSingleCartTest@459e9125]" name="getResponseforCart" class="com.FakeStore.API.GetRequestTests.getSingleCartTest"/>
        <method signature="getSingleCartTest.assertResponseCode()[pri:2, instance:com.FakeStore.API.GetRequestTests.getSingleCartTest@459e9125]" name="assertResponseCode" class="com.FakeStore.API.GetRequestTests.getSingleCartTest"/>
      </group> <!-- smoke -->
    </groups>
    <test started-at="2026-02-28T12:01:58 IST" name="Default test" finished-at="2026-02-28T12:02:02 IST" duration-ms="4124">
      <class name="com.FakeStore.API.GetRequestTests.getSingleCartTest">
        <test-method is-config="true" signature="setUp()[pri:0, instance:com.FakeStore.API.GetRequestTests.getSingleCartTest@459e9125]" started-at="2026-02-28T12:01:58 IST" name="setUp" finished-at="2026-02-28T12:01:58 IST" duration-ms="285" status="PASS">
          <reporter-output>
          </reporter-output>
        </test-method> <!-- setUp -->
        <test-method signature="getResponseforCart(int)[pri:0, instance:com.FakeStore.API.GetRequestTests.getSingleCartTest@459e9125]" started-at="2026-02-28T12:02:00 IST" name="getResponseforCart" data-provider="evenCartIds" finished-at="2026-02-28T12:02:01 IST" duration-ms="588" status="PASS">
          <params>
            <param index="0">
              <value>
                <![CDATA[2]]>
              </value>
            </param>
          </params>
          <reporter-output>
          </reporter-output>
        </test-method> <!-- getResponseforCart -->
        <test-method signature="getResponseforCart(int)[pri:0, instance:com.FakeStore.API.GetRequestTests.getSingleCartTest@459e9125]" started-at="2026-02-28T12:02:01 IST" name="getResponseforCart" data-provider="evenCartIds" finished-at="2026-02-28T12:02:01 IST" duration-ms="517" status="PASS">
          <params>
            <param index="0">
              <value>
                <![CDATA[4]]>
              </value>
            </param>
          </params>
          <reporter-output>
          </reporter-output>
        </test-method> <!-- getResponseforCart -->
        <test-method signature="getResponseforCart(int)[pri:0, instance:com.FakeStore.API.GetRequestTests.getSingleCartTest@459e9125]" started-at="2026-02-28T12:02:01 IST" name="getResponseforCart" data-provider="evenCartIds" finished-at="2026-02-28T12:02:02 IST" duration-ms="995" status="PASS">
          <params>
            <param index="0">
              <value>
                <![CDATA[6]]>
              </value>
            </param>
          </params>
          <reporter-output>
          </reporter-output>
        </test-method> <!-- getResponseforCart -->
        <test-method signature="logResponseBody()[pri:1, instance:com.FakeStore.API.GetRequestTests.getSingleCartTest@459e9125]" started-at="2026-02-28T12:02:02 IST" name="logResponseBody" finished-at="2026-02-28T12:02:02 IST" duration-ms="20" status="PASS">
          <reporter-output>
          </reporter-output>
        </test-method> <!-- logResponseBody -->
        <test-method signature="assertResponseCode()[pri:2, instance:com.FakeStore.API.GetRequestTests.getSingleCartTest@459e9125]" started-at="2026-02-28T12:02:02 IST" name="assertResponseCode" finished-at="2026-02-28T12:02:02 IST" duration-ms="3" status="PASS">
          <reporter-output>
          </reporter-output>
        </test-method> <!-- assertResponseCode -->
      </class> <!-- com.FakeStore.API.GetRequestTests.getSingleCartTest -->
    </test> <!-- Default test -->
  </suite> <!-- Default suite -->
</testng-results>
