<?xml version="1.0" encoding="UTF-8"?>
<testng-results ignored="0" total="3" passed="3" failed="0" skipped="0">
  <reporter-output>
  </reporter-output>
  <suite started-at="2026-03-05T22:30:20 IST" name="Default suite" finished-at="2026-03-05T22:30:22 IST" duration-ms="2339">
    <groups>
    </groups>
    <test started-at="2026-03-05T22:30:20 IST" name="Default test" finished-at="2026-03-05T22:30:22 IST" duration-ms="2339">
      <class name="com.FakeStore.API.GetRequestTests.getSingleProductTest">
        <test-method is-config="true" signature="setUp()[pri:0, instance:com.FakeStore.API.GetRequestTests.getSingleProductTest@7b2bbc3]" started-at="2026-03-05T22:30:19 IST" name="setUp" finished-at="2026-03-05T22:30:20 IST" duration-ms="272" status="PASS">
          <reporter-output>
          </reporter-output>
        </test-method> <!-- setUp -->
        <test-method is-config="true" signature="getResponse()[pri:0, instance:com.FakeStore.API.GetRequestTests.getSingleProductTest@7b2bbc3]" started-at="2026-03-05T22:30:20 IST" name="getResponse" finished-at="2026-03-05T22:30:22 IST" duration-ms="1830" status="PASS">
          <reporter-output>
          </reporter-output>
        </test-method> <!-- getResponse -->
        <test-method signature="logResponse()[pri:1, instance:com.FakeStore.API.GetRequestTests.getSingleProductTest@7b2bbc3]" started-at="2026-03-05T22:30:22 IST" name="logResponse" finished-at="2026-03-05T22:30:22 IST" duration-ms="52" status="PASS">
          <reporter-output>
          </reporter-output>
        </test-method> <!-- logResponse -->
        <test-method signature="validateResponseCode()[pri:2, instance:com.FakeStore.API.GetRequestTests.getSingleProductTest@7b2bbc3]" started-at="2026-03-05T22:30:22 IST" name="validateResponseCode" finished-at="2026-03-05T22:30:22 IST" duration-ms="5" status="PASS">
          <reporter-output>
          </reporter-output>
        </test-method> <!-- validateResponseCode -->
        <test-method signature="validateJsonSchema()[pri:3, instance:com.FakeStore.API.GetRequestTests.getSingleProductTest@7b2bbc3]" started-at="2026-03-05T22:30:22 IST" name="validateJsonSchema" finished-at="2026-03-05T22:30:22 IST" duration-ms="424" status="PASS">
          <reporter-output>
          </reporter-output>
        </test-method> <!-- validateJsonSchema -->
      </class> <!-- com.FakeStore.API.GetRequestTests.getSingleProductTest -->
    </test> <!-- Default test -->
  </suite> <!-- Default suite -->
</testng-results>
