<?xml version="1.0" encoding="UTF-8"?>
<!-- Generated by org.testng.reporters.JUnitReportReporter -->
<testsuite hostname="LAPTOP-9RODM70P" failures="0" tests="4" name="com.FakeStore.API.GetRequestTests.getAllProductsTest" time="0.062" errors="0" timestamp="2026-02-18T21:06:27 IST" skipped="0">
  <testcase classname="com.FakeStore.API.GetRequestTests.getAllProductsTest" name="logResponseBody" time="0.017"/>
  <testcase classname="com.FakeStore.API.GetRequestTests.getAllProductsTest" name="verifyStatusCode" time="0.001"/>
  <testcase classname="com.FakeStore.API.GetRequestTests.getAllProductsTest" name="extractResponseData" time="0.043"/>
  <testcase classname="com.FakeStore.API.GetRequestTests.getAllProductsTest" name="assertResponseTime" time="0.001"/>
</testsuite> <!-- com.FakeStore.API.GetRequestTests.getAllProductsTest -->
