<?xml version="1.0" encoding="UTF-8"?>
<!-- Generated by org.testng.reporters.JUnitReportReporter -->
<testsuite hostname="LAPTOP-9RODM70P" failures="0" tests="2" name="com.FakeStore.API.POSTRequestTests.postProductTest" time="0.040" errors="0" timestamp="2026-02-18T18:47:41 IST" skipped="0">
  <testcase classname="com.FakeStore.API.POSTRequestTests.postProductTest" name="logResponseBody" time="0.036"/>
  <testcase classname="com.FakeStore.API.POSTRequestTests.postProductTest" name="assertResponseCode" time="0.004"/>
</testsuite> <!-- com.FakeStore.API.POSTRequestTests.postProductTest -->
