<?xml version="1.0" encoding="UTF-8"?>
<!-- Generated by org.testng.reporters.JUnitReportReporter -->
<testsuite hostname="LAPTOP-9RODM70P" failures="1" tests="6" name="com.FakeStore.API.POSTRequestTests.checkAuthenticationTest" time="0.482" errors="0" timestamp="2026-02-19T22:21:17 IST" skipped="0">
  <testcase classname="com.FakeStore.API.POSTRequestTests.checkAuthenticationTest" name="logResponseBody" time="0.044"/>
  <testcase classname="com.FakeStore.API.POSTRequestTests.checkAuthenticationTest" name="assertResponseCode" time="0.005">
    <failure message="expected [200] but found [201]" type="java.lang.AssertionError">
      <![CDATA[java.lang.AssertionError: expected [200] but found [201]
at org.testng.Assert.fail(Assert.java:111)
at org.testng.Assert.failNotEquals(Assert.java:1578)
at org.testng.Assert.assertEqualsImpl(Assert.java:150)
at org.testng.Assert.assertEquals(Assert.java:132)
at org.testng.Assert.assertEquals(Assert.java:1419)
at org.testng.Assert.assertEquals(Assert.java:1383)
at org.testng.Assert.assertEquals(Assert.java:1429)
at com.FakeStore.API.POSTRequestTests.checkAuthenticationTest.assertResponseCode(checkAuthenticationTest.java:29)
at java.base/jdk.internal.reflect.DirectMethodHandleAccessor.invoke(DirectMethodHandleAccessor.java:103)
at java.base/java.lang.reflect.Method.invoke(Method.java:580)
at org.testng.internal.invokers.MethodInvocationHelper.invokeMethod(MethodInvocationHelper.java:139)
at org.testng.internal.invokers.TestInvoker.invokeMethod(TestInvoker.java:664)
at org.testng.internal.invokers.TestInvoker.invokeTestMethod(TestInvoker.java:228)
at org.testng.internal.invokers.MethodRunner.runInSequence(MethodRunner.java:63)
at org.testng.internal.invokers.TestInvoker$MethodInvocationAgent.invoke(TestInvoker.java:961)
at org.testng.internal.invokers.TestInvoker.invokeTestMethods(TestInvoker.java:201)
at org.testng.internal.invokers.TestMethodWorker.invokeTestMethods(TestMethodWorker.java:148)
at org.testng.internal.invokers.TestMethodWorker.run(TestMethodWorker.java:128)
at java.base/java.util.ArrayList.forEach(ArrayList.java:1596)
at org.testng.TestRunner.privateRun(TestRunner.java:819)
at org.testng.TestRunner.run(TestRunner.java:619)
at org.testng.SuiteRunner.runTest(SuiteRunner.java:443)
at org.testng.SuiteRunner.runSequentially(SuiteRunner.java:437)
at org.testng.SuiteRunner.privateRun(SuiteRunner.java:397)
at org.testng.SuiteRunner.run(SuiteRunner.java:336)
at org.testng.SuiteRunnerWorker.runSuite(SuiteRunnerWorker.java:52)
at org.testng.SuiteRunnerWorker.run(SuiteRunnerWorker.java:95)
at org.testng.TestNG.runSuitesSequentially(TestNG.java:1301)
at org.testng.TestNG.runSuitesLocally(TestNG.java:1228)
at org.testng.TestNG.runSuites(TestNG.java:1134)
at org.testng.TestNG.run(TestNG.java:1101)
at org.testng.remote.AbstractRemoteTestNG.run(AbstractRemoteTestNG.java:115)
at org.testng.remote.RemoteTestNG.initAndRun(RemoteTestNG.java:293)
at org.testng.remote.RemoteTestNG.main(RemoteTestNG.java:91)
]]>
    </failure>
  </testcase> <!-- assertResponseCode -->
  <testcase classname="com.FakeStore.API.POSTRequestTests.checkAuthenticationTest" name="checkResponseHeaders" time="0.001"/>
  <testcase classname="com.FakeStore.API.POSTRequestTests.checkAuthenticationTest" name="validateResponsebody" time="0.426"/>
  <testcase classname="com.FakeStore.API.POSTRequestTests.checkAuthenticationTest" name="validateResponseTime" time="0.003"/>
  <testcase classname="com.FakeStore.API.POSTRequestTests.checkAuthenticationTest" name="validateSchema" time="0.003"/>
</testsuite> <!-- com.FakeStore.API.POSTRequestTests.checkAuthenticationTest -->
