<?xml version="1.0" encoding="UTF-8"?>
<!-- Generated by org.testng.reporters.JUnitReportReporter -->
<testsuite hostname="LAPTOP-9RODM70P" failures="0" tests="3" name="com.FakeStore.API.GetRequestTests.getSingleProductTest" time="0.481" errors="0" timestamp="2026-03-05T22:30:22 IST" skipped="0">
  <testcase classname="com.FakeStore.API.GetRequestTests.getSingleProductTest" name="logResponse" time="0.052"/>
  <testcase classname="com.FakeStore.API.GetRequestTests.getSingleProductTest" name="validateResponseCode" time="0.005"/>
  <testcase classname="com.FakeStore.API.GetRequestTests.getSingleProductTest" name="validateJsonSchema" time="0.424"/>
</testsuite> <!-- com.FakeStore.API.GetRequestTests.getSingleProductTest -->
