<?xml version="1.0" encoding="UTF-8"?>
<!-- Generated by org.testng.reporters.JUnitReportReporter -->
<testsuite hostname="LAPTOP-9RODM70P" failures="0" tests="2" name="com.FakeStore.API.GetRequestTests.getSingleCartTest" time="0.004" errors="0" timestamp="2026-02-18T21:12:33 IST" skipped="0">
  <testcase classname="com.FakeStore.API.GetRequestTests.getSingleCartTest" name="logResponseBody" time="0.003"/>
  <testcase classname="com.FakeStore.API.GetRequestTests.getSingleCartTest" name="assertResponseCode" time="0.001"/>
</testsuite> <!-- com.FakeStore.API.GetRequestTests.getSingleCartTest -->
