<?xml version="1.0" encoding="UTF-8"?>
<!-- Generated by org.testng.reporters.JUnitReportReporter -->
<testsuite hostname="LAPTOP-9RODM70P" failures="0" tests="6" name="com.FakeStore.API.GetRequestTests.getAllProductsTest" time="1.005" errors="0" timestamp="2026-02-18T23:26:02 IST" skipped="0">
  <testcase classname="com.FakeStore.API.GetRequestTests.getAllProductsTest" name="logResponseBody" time="0.070"/>
  <testcase classname="com.FakeStore.API.GetRequestTests.getAllProductsTest" name="verifyStatusCode" time="0.005"/>
  <testcase classname="com.FakeStore.API.GetRequestTests.getAllProductsTest" name="extractResponseData" time="0.534"/>
  <testcase classname="com.FakeStore.API.GetRequestTests.getAllProductsTest" name="assertResponseTime" time="0.002"/>
  <testcase classname="com.FakeStore.API.GetRequestTests.getAllProductsTest" name="validateResponseParam" time="0.017"/>
  <testcase classname="com.FakeStore.API.GetRequestTests.getAllProductsTest" name="validateResponseSchema" time="0.377"/>
</testsuite> <!-- com.FakeStore.API.GetRequestTests.getAllProductsTest -->
