<?xml version="1.0" encoding="UTF-8"?>
<!-- Generated by org.testng.reporters.JUnitReportReporter -->
<testsuite hostname="LAPTOP-9RODM70P" failures="0" tests="6" name="com.FakeStore.API.GetRequestTests.getAllCartsTest" time="0.533" errors="0" timestamp="2026-02-18T23:32:10 IST" skipped="0">
  <testcase classname="com.FakeStore.API.GetRequestTests.getAllCartsTest" name="logResponse" time="0.051"/>
  <testcase classname="com.FakeStore.API.GetRequestTests.getAllCartsTest" name="assertStatusCode" time="0.005"/>
  <testcase classname="com.FakeStore.API.GetRequestTests.getAllCartsTest" name="validateResponseHeader" time="0.002"/>
  <testcase classname="com.FakeStore.API.GetRequestTests.getAllCartsTest" name="extractResponse" time="0.461"/>
  <testcase classname="com.FakeStore.API.GetRequestTests.getAllCartsTest" name="validateResponseTime" time="0.003"/>
  <testcase classname="com.FakeStore.API.GetRequestTests.getAllCartsTest" name="validateCartCount" time="0.011"/>
</testsuite> <!-- com.FakeStore.API.GetRequestTests.getAllCartsTest -->
