<?xml version="1.0" encoding="UTF-8"?>
<!-- Generated by org.testng.reporters.JUnitReportReporter -->
<testsuite hostname="LAPTOP-9RODM70P" failures="0" tests="4" name="com.FakeStore.API.GetRequestTests.getProductsByIdTest" time="0.961" errors="0" timestamp="2026-02-28T17:46:49 IST" skipped="0">
  <testcase classname="com.FakeStore.API.GetRequestTests.getProductsByIdTest" name="logResponse" time="0.514"/>
  <testcase classname="com.FakeStore.API.GetRequestTests.getProductsByIdTest" name="assertResponseCode" time="0.003"/>
  <testcase classname="com.FakeStore.API.GetRequestTests.getProductsByIdTest" name="assertResponseData" time="0.020"/>
  <testcase classname="com.FakeStore.API.GetRequestTests.getProductsByIdTest" name="validateSchema" time="0.424"/>
</testsuite> <!-- com.FakeStore.API.GetRequestTests.getProductsByIdTest -->
