<?xml version="1.0" encoding="UTF-8"?>
<!-- Generated by org.testng.reporters.JUnitReportReporter -->
<testsuite hostname="LAPTOP-9RODM70P" failures="0" tests="6" name="com.FakeStore.API.POSTRequestTests.checkAuthenticationTest" time="0.018" errors="0" timestamp="2026-02-19T22:30:18 IST" skipped="0">
  <testcase classname="com.FakeStore.API.POSTRequestTests.checkAuthenticationTest" name="logResponseBody" time="0.001"/>
  <testcase classname="com.FakeStore.API.POSTRequestTests.checkAuthenticationTest" name="assertResponseCode" time="0.001"/>
  <testcase classname="com.FakeStore.API.POSTRequestTests.checkAuthenticationTest" name="checkResponseHeaders" time="0.001"/>
  <testcase classname="com.FakeStore.API.POSTRequestTests.checkAuthenticationTest" name="validateResponsebody" time="0.012"/>
  <testcase classname="com.FakeStore.API.POSTRequestTests.checkAuthenticationTest" name="validateResponseTime" time="0.001"/>
  <testcase classname="com.FakeStore.API.POSTRequestTests.checkAuthenticationTest" name="validateSchema" time="0.002"/>
</testsuite> <!-- com.FakeStore.API.POSTRequestTests.checkAuthenticationTest -->
