<?xml version="1.0" encoding="UTF-8"?>
<!-- Generated by org.testng.reporters.JUnitReportReporter -->
<testsuite hostname="LAPTOP-9RODM70P" failures="0" tests="14" name="com.FakeStore.API.GetRequestTests.getSingleProductTest" time="6.307" errors="0" timestamp="2026-03-05T23:03:05 IST" skipped="0">
  <testcase classname="com.FakeStore.API.GetRequestTests.getSingleProductTest" name="getResponse" time="0.430"/>
  <testcase classname="com.FakeStore.API.GetRequestTests.getSingleProductTest" name="validateResponseTime" time="0.001"/>
  <testcase classname="com.FakeStore.API.GetRequestTests.getSingleProductTest" name="getResponse" time="0.483"/>
  <testcase classname="com.FakeStore.API.GetRequestTests.getSingleProductTest" name="logResponse" time="0.022"/>
  <testcase classname="com.FakeStore.API.GetRequestTests.getSingleProductTest" name="getResponse" time="0.446"/>
  <testcase classname="com.FakeStore.API.GetRequestTests.getSingleProductTest" name="validateJsonSchema" time="0.326"/>
  <testcase classname="com.FakeStore.API.GetRequestTests.getSingleProductTest" name="getResponse" time="0.952"/>
  <testcase classname="com.FakeStore.API.GetRequestTests.getSingleProductTest" name="getResponse" time="0.491"/>
  <testcase classname="com.FakeStore.API.GetRequestTests.getSingleProductTest" name="getResponse" time="0.477"/>
  <testcase classname="com.FakeStore.API.GetRequestTests.getSingleProductTest" name="getResponse" time="0.499"/>
  <testcase classname="com.FakeStore.API.GetRequestTests.getSingleProductTest" name="getResponse" time="0.816"/>
  <testcase classname="com.FakeStore.API.GetRequestTests.getSingleProductTest" name="getResponse" time="0.476"/>
  <testcase classname="com.FakeStore.API.GetRequestTests.getSingleProductTest" name="validateResponseCode" time="0.003"/>
  <testcase classname="com.FakeStore.API.GetRequestTests.getSingleProductTest" name="getResponse" time="0.885"/>
</testsuite> <!-- com.FakeStore.API.GetRequestTests.getSingleProductTest -->
