<?xml version="1.0" encoding="UTF-8"?>
<!-- Generated by org.testng.reporters.JUnitReportReporter -->
<testsuite hostname="LAPTOP-9RODM70P" failures="0" tests="2" name="com.FakeStore.API.GetRequestTests.getProductsByIdTest" time="0.010" errors="0" timestamp="2026-02-18T21:06:27 IST" skipped="0">
  <testcase classname="com.FakeStore.API.GetRequestTests.getProductsByIdTest" name="logResponse" time="0.009"/>
  <testcase classname="com.FakeStore.API.GetRequestTests.getProductsByIdTest" name="assertResponseCode" time="0.001"/>
</testsuite> <!-- com.FakeStore.API.GetRequestTests.getProductsByIdTest -->
