<?xml version="1.0" encoding="UTF-8"?>
<!-- Generated by org.testng.reporters.JUnitReportReporter -->
<testsuite hostname="LAPTOP-9RODM70P" failures="0" tests="5" name="com.FakeStore.API.GetRequestTests.getSingleCartTest" time="1.957" errors="0" timestamp="2026-03-05T22:18:35 IST" skipped="0">
  <testcase classname="com.FakeStore.API.GetRequestTests.getSingleCartTest" name="getResponseforCart" time="0.688"/>
  <testcase classname="com.FakeStore.API.GetRequestTests.getSingleCartTest" name="getResponseforCart" time="0.541"/>
  <testcase classname="com.FakeStore.API.GetRequestTests.getSingleCartTest" name="getResponseforCart" time="0.695"/>
  <testcase classname="com.FakeStore.API.GetRequestTests.getSingleCartTest" name="logResponseBody" time="0.029"/>
  <testcase classname="com.FakeStore.API.GetRequestTests.getSingleCartTest" name="assertResponseCode" time="0.004"/>
</testsuite> <!-- com.FakeStore.API.GetRequestTests.getSingleCartTest -->
