<?xml version="1.0" encoding="UTF-8"?>
<!-- Generated by org.testng.reporters.JUnitReportReporter -->
<testsuite hostname="LAPTOP-9RODM70P" failures="0" tests="3" name="com.FakeStore.API.GetRequestTests.getAllCarts" time="0.065" errors="0" timestamp="2026-02-17T23:11:15 IST" skipped="0">
  <testcase classname="com.FakeStore.API.GetRequestTests.getAllCarts" name="logResponse" time="0.059"/>
  <testcase classname="com.FakeStore.API.GetRequestTests.getAllCarts" name="assertStatusCode" time="0.005"/>
  <testcase classname="com.FakeStore.API.GetRequestTests.getAllCarts" name="extractResponse" time="0.001"/>
</testsuite> <!-- com.FakeStore.API.GetRequestTests.getAllCarts -->
