<?xml version="1.0" encoding="UTF-8"?>
<!-- Generated by org.testng.reporters.JUnitReportReporter -->
<testsuite hostname="LAPTOP-9RODM70P" failures="0" tests="7" name="com.FakeStore.API.GetRequestTests.getAllCartsTest" time="0.850" errors="0" timestamp="2026-02-28T12:01:30 IST" skipped="0">
  <testcase classname="com.FakeStore.API.GetRequestTests.getAllCartsTest" name="validateCartCount" time="0.011"/>
  <testcase classname="com.FakeStore.API.GetRequestTests.getAllCartsTest" name="validateResponseHeader" time="0.001"/>
  <testcase classname="com.FakeStore.API.GetRequestTests.getAllCartsTest" name="assertStatusCode" time="0.008"/>
  <testcase classname="com.FakeStore.API.GetRequestTests.getAllCartsTest" name="logResponse" time="0.028"/>
  <testcase classname="com.FakeStore.API.GetRequestTests.getAllCartsTest" name="validateJsonSchema" time="0.308"/>
  <testcase classname="com.FakeStore.API.GetRequestTests.getAllCartsTest" name="extractResponse" time="0.493"/>
  <testcase classname="com.FakeStore.API.GetRequestTests.getAllCartsTest" name="validateResponseTime" time="0.001"/>
</testsuite> <!-- com.FakeStore.API.GetRequestTests.getAllCartsTest -->
