<?xml version="1.0" encoding="UTF-8"?>
<!-- Generated by org.testng.reporters.JUnitReportReporter -->
<testsuite hostname="LAPTOP-9RODM70P" failures="0" tests="6" name="com.FakeStore.API.GetRequestTests.getAllProductsTest" time="0.949" errors="0" timestamp="2026-03-13T21:43:17 IST" skipped="0">
  <testcase classname="com.FakeStore.API.GetRequestTests.getAllProductsTest" name="logResponseBody" time="0.067"/>
  <testcase classname="com.FakeStore.API.GetRequestTests.getAllProductsTest" name="verifyStatusCode" time="0.005"/>
  <testcase classname="com.FakeStore.API.GetRequestTests.getAllProductsTest" name="extractResponseData" time="0.507"/>
  <testcase classname="com.FakeStore.API.GetRequestTests.getAllProductsTest" name="assertResponseTime" time="0.003"/>
  <testcase classname="com.FakeStore.API.GetRequestTests.getAllProductsTest" name="validateResponseParam" time="0.019"/>
  <testcase classname="com.FakeStore.API.GetRequestTests.getAllProductsTest" name="validateResponseSchema" time="0.348"/>
</testsuite> <!-- com.FakeStore.API.GetRequestTests.getAllProductsTest -->
