<?xml version="1.0" encoding="UTF-8"?>
<!-- Generated by org.testng.reporters.JUnitReportReporter -->
<testsuite hostname="LAPTOP-9RODM70P" failures="0" tests="2" name="com.FakeStore.API.POSTRequestTests.postCartInfoTest" time="0.002" errors="0" timestamp="2026-02-18T21:06:27 IST" skipped="0">
  <testcase classname="com.FakeStore.API.POSTRequestTests.postCartInfoTest" name="logResponse" time="0.001"/>
  <testcase classname="com.FakeStore.API.POSTRequestTests.postCartInfoTest" name="assertResponseCode" time="0.001"/>
</testsuite> <!-- com.FakeStore.API.POSTRequestTests.postCartInfoTest -->
