<?xml version="1.0" encoding="UTF-8"?>
<!-- Generated by org.testng.reporters.JUnitReportReporter -->
<testsuite hostname="LAPTOP-9RODM70P" failures="0" tests="2" name="com.FakeStore.API.POSTRequestTests.postProductTest" time="0.000" errors="0" timestamp="2026-02-19T22:30:18 IST" skipped="0">
  <testcase classname="com.FakeStore.API.POSTRequestTests.postProductTest" name="logResponseBody" time="0.000"/>
  <testcase classname="com.FakeStore.API.POSTRequestTests.postProductTest" name="assertResponseCode" time="0.000"/>
</testsuite> <!-- com.FakeStore.API.POSTRequestTests.postProductTest -->
