<?xml version="1.0" encoding="UTF-8"?>
<!-- Generated by org.testng.reporters.JUnitReportReporter -->
<testsuite hostname="LAPTOP-9RODM70P" failures="0" tests="5" name="com.FakeStore.API.GetRequestTests.getAllUsersTest" time="0.903" errors="0" timestamp="2026-03-09T20:00:54 IST" skipped="0">
  <testcase classname="com.FakeStore.API.GetRequestTests.getAllUsersTest" name="logResponse" time="0.077"/>
  <testcase classname="com.FakeStore.API.GetRequestTests.getAllUsersTest" name="assertResponseCode" time="0.007"/>
  <testcase classname="com.FakeStore.API.GetRequestTests.getAllUsersTest" name="assertHeaders" time="0.004"/>
  <testcase classname="com.FakeStore.API.GetRequestTests.getAllUsersTest" name="validateResponseTime" time="0.006"/>
  <testcase classname="com.FakeStore.API.GetRequestTests.getAllUsersTest" name="writeIntoFile" time="0.809"/>
</testsuite> <!-- com.FakeStore.API.GetRequestTests.getAllUsersTest -->
