<?xml version="1.0" encoding="UTF-8"?>
<!-- Generated by org.testng.reporters.JUnitReportReporter -->
<testsuite hostname="LAPTOP-9RODM70P" failures="0" tests="3" name="com.FakeStore.API.GetRequestTests.getAllUsersTest" time="0.004" errors="0" timestamp="2026-02-18T21:06:27 IST" skipped="0">
  <testcase classname="com.FakeStore.API.GetRequestTests.getAllUsersTest" name="logResponse" time="0.003"/>
  <testcase classname="com.FakeStore.API.GetRequestTests.getAllUsersTest" name="assertResponseCode" time="0.000"/>
  <testcase classname="com.FakeStore.API.GetRequestTests.getAllUsersTest" name="assertHeaders" time="0.001"/>
</testsuite> <!-- com.FakeStore.API.GetRequestTests.getAllUsersTest -->
